Game: THE FINALS
AppID: 2073850
Proton: GE-Proton10-34
DXVK: v2.6
VKD3D-Proton: v2.14
GPU: AMD Radeon RX 7800 XT
Session: KDE Wayland
Kernel: 7.0.10-1-cachyos

================ ProtonFix AI Synthetic Test Log ================
This is a fake generated log for testing ProtonFix AI fingerprints.
=================================================================

pressure-vessel-wrap[31844]: W: Found newer Steam Linux Runtime, attempting launch
steam-runtime-launch-client[31844]: I: pressure-vessel started
GameAction [AppID 2073850, ActionID 5] : LaunchApp changed task to ProcessingInstallScript
GameAction [AppID 2073850, ActionID 5] : LaunchApp changed task to SynchronizingCloud
GameAction [AppID 2073850, ActionID 5] : LaunchApp changed task to SiteLicenseSeatCheckout
GameAction [AppID 2073850, ActionID 5] : LaunchApp changed task to CreatingProcess

fsync: up and running.
Proton: Upgrading prefix from None to GE-Proton10-34
wine: using kernel write watches, use_kernel_writewatch 1
wine: RLIMIT_NICE is <= 20, unable to use setpriority safely

GameMode ERROR: Could not connect to bus: No such file or directory
ERROR: ld.so: object 'libgamemodeauto.so.0' from LD_PRELOAD cannot be preloaded: ignored.
gamemode request failed: org.freedesktop.DBus.Error.ServiceUnknown: The name com.feralinteractive.GameMode was not provided by any .service files

pkexec: Error executing command as another user: Not authorized
This incident has been reported.

MANGOHUD: config file not found, using defaults
MANGOHUD: Failed to load preset: /home/gio/.config/MangoHud/MangoHud.conf

[gamescope] [Info]  console: gamescope version 3.16.23
[gamescope] [Info]  vulkan: selecting physical device 'AMD Radeon RX 7800 XT (RADV NAVI32)'
[gamescope] [Error] vulkan: vkCreateDevice failed (VK_ERROR_EXTENSION_NOT_PRESENT)
[gamescope] [Error] Failed to initialize Vulkan
[gamescope] [Error] Failed to create swapchain
[gamescope] [Error] wlserver: Failed to create gamescope output

info:  DXVK: v2.6
info:  Built-in extension providers:
info:    Win32 WSI
err:   DxvkAdapter: Failed to initialize adapter
err:   D3D11CreateDevice: Failed to create a DXGI factory
err:   DXGI: MakeWindowAssociation: Ignoring flags

warn:  OpenVR: Failed to locate module
err:   wineboot: failed to start services
err:   wine: Unhandled page fault on read access to 0000000000000000 at address 000000014000F1A2
err:   Unhandled exception: page fault on read access to 0x00000000 in 64-bit code

pid 32107 != 32106, skipping destruction
terminate called after throwing an instance of 'dxvk::DxvkError'
what():  DxvkError
Game process removed: AppID 2073850 "gamemoderun gamescope -f -- %command%", ProcID 32106
Uploaded AppInterfaceStats to Steam
